{"time":"2026-02-12T17:13:14.270114+01:00","level":"INFO","msg":"looking_for_migrations","component":"migration","path":"/Users/yasseen/Documents/google-maps-scraper-2/scripts/migrations"}
{"time":"2026-02-12T17:13:14.270242+01:00","level":"INFO","msg":"using_migrations","component":"migration","dir":"/Users/yasseen/Documents/google-maps-scraper-2/scripts/migrations"}
{"time":"2026-02-12T17:13:14.308079+01:00","level":"INFO","msg":"no_migrations_to_apply","component":"migration"}
{"time":"2026-02-12T17:13:14.308398+01:00","level":"INFO","msg":"auth_enabled","provider":"clerk"}
{"time":"2026-02-12T17:13:14.308411+01:00","level":"INFO","msg":"payment_enabled","provider":"stripe"}
{"time":"2026-02-12T17:13:14.309609+01:00","level":"INFO","msg":"billing_service_initialized"}
{"time":"2026-02-12T17:13:14.309645+01:00","level":"INFO","msg":"s3_not_configured","detail":"files will only be stored locally"}
{"time":"2026-02-12T17:13:14.309653+01:00","level":"INFO","msg":"s3_missing_env","var":"AWS_ACCESS_KEY_ID"}
{"time":"2026-02-12T17:13:14.309659+01:00","level":"INFO","msg":"s3_missing_env","var":"AWS_SECRET_ACCESS_KEY"}
{"time":"2026-02-12T17:13:14.309665+01:00","level":"INFO","msg":"s3_missing_env","var":"AWS_REGION"}
{"time":"2026-02-12T17:13:14.309671+01:00","level":"INFO","msg":"s3_missing_env","var":"S3_BUCKET_NAME"}
{"time":"2026-02-12T17:13:14.309902+01:00","level":"INFO","msg":"server_started","component":"api","addr":":8080"}
{"time":"2026-02-12T17:13:14.309938+01:00","level":"INFO","msg":"job_worker_starting","component":"webrunner","max_concurrent_jobs":2,"total_concurrency":4}
{"time":"2026-02-12T17:14:10.386733+01:00","level":"INFO","msg":"request","component":"api","method":"GET","path":"/api/v1/jobs/user"}
{"time":"2026-02-12T17:14:10.390388+01:00","level":"INFO","msg":"http_request","component":"api","method":"GET","path":"/api/v1/jobs/user","status":200,"duration":"3.675667ms","user_id":"user_36X5eCExtsu1OjRJeOBgAOMsaNA","request_id":"a1230f72-3297-4876-a6e9-2d5b22dc6397"}
{"time":"2026-02-12T17:14:10.391663+01:00","level":"INFO","msg":"http_request","component":"api","method":"GET","path":"/api/v1/credits/balance","status":200,"duration":"918.583µs","user_id":"user_36X5eCExtsu1OjRJeOBgAOMsaNA","request_id":"caff06a5-f9c9-4070-b867-f48fbb8e2f39"}
{"time":"2026-02-12T17:14:10.397675+01:00","level":"INFO","msg":"http_request","component":"api","method":"GET","path":"/api/v1/credits/balance","status":200,"duration":"305.5µs","user_id":"user_36X5eCExtsu1OjRJeOBgAOMsaNA","request_id":"6063e374-bfa5-4033-8aed-44590c745c27"}
{"time":"2026-02-12T17:14:10.403725+01:00","level":"INFO","msg":"http_request","component":"api","method":"GET","path":"/api/v1/credits/balance","status":200,"duration":"191.542µs","user_id":"user_36X5eCExtsu1OjRJeOBgAOMsaNA","request_id":"6a021600-bfb5-4993-a04f-2b803e7e4937"}
{"time":"2026-02-12T17:15:09.932664+01:00","level":"INFO","msg":"http_request","component":"api","method":"GET","path":"/api/v1/credits/balance","status":200,"duration":"895.791µs","user_id":"user_36X5eCExtsu1OjRJeOBgAOMsaNA","request_id":"f1071c83-4484-4b67-84cd-1e89c4cd758d"}
{"time":"2026-02-12T17:15:09.950179+01:00","level":"INFO","msg":"http_request","component":"api","method":"GET","path":"/api/v1/credits/balance","status":200,"duration":"8.276417ms","user_id":"user_36X5eCExtsu1OjRJeOBgAOMsaNA","request_id":"f2ee481c-86b6-405e-954f-ef046ea598ab"}
{"time":"2026-02-12T17:15:09.959528+01:00","level":"INFO","msg":"http_request","component":"api","method":"GET","path":"/api/v1/credits/balance","status":200,"duration":"1.086375ms","user_id":"user_36X5eCExtsu1OjRJeOBgAOMsaNA","request_id":"6b5cbc34-6a5e-4952-8784-5db96538c7a7"}
{"time":"2026-02-12T17:15:09.982629+01:00","level":"INFO","msg":"request","component":"api","method":"GET","path":"/api/v1/jobs/user"}
{"time":"2026-02-12T17:15:09.992402+01:00","level":"INFO","msg":"http_request","component":"api","method":"GET","path":"/api/v1/jobs/user","status":200,"duration":"9.771958ms","user_id":"user_36X5eCExtsu1OjRJeOBgAOMsaNA","request_id":"dc699804-3bd3-40e5-a6b6-fbdd0de127ee"}
{"time":"2026-02-12T17:16:09.905741+01:00","level":"INFO","msg":"http_request","component":"api","method":"GET","path":"/api/v1/credits/balance","status":200,"duration":"3.365833ms","user_id":"user_36X5eCExtsu1OjRJeOBgAOMsaNA","request_id":"895a8e5e-2e40-4297-898c-8042ed9d0757"}
{"time":"2026-02-12T17:16:09.909376+01:00","level":"INFO","msg":"http_request","component":"api","method":"GET","path":"/api/v1/credits/balance","status":200,"duration":"1.512125ms","user_id":"user_36X5eCExtsu1OjRJeOBgAOMsaNA","request_id":"36bfbabb-351e-4245-8d98-23774c88d2cf"}
{"time":"2026-02-12T17:16:09.920577+01:00","level":"INFO","msg":"http_request","component":"api","method":"GET","path":"/api/v1/credits/balance","status":200,"duration":"1.649834ms","user_id":"user_36X5eCExtsu1OjRJeOBgAOMsaNA","request_id":"2fff4422-1f33-4b54-9389-f58b55652677"}
{"time":"2026-02-12T17:16:09.930707+01:00","level":"INFO","msg":"request","component":"api","method":"GET","path":"/api/v1/jobs/user"}
{"time":"2026-02-12T17:16:09.935028+01:00","level":"INFO","msg":"http_request","component":"api","method":"GET","path":"/api/v1/jobs/user","status":200,"duration":"4.322334ms","user_id":"user_36X5eCExtsu1OjRJeOBgAOMsaNA","request_id":"08a455b9-3b1e-46e9-a126-693ed01813e5"}
{"time":"2026-02-12T17:17:09.918621+01:00","level":"INFO","msg":"http_request","component":"api","method":"GET","path":"/api/v1/credits/balance","status":200,"duration":"325.75µs","user_id":"user_36X5eCExtsu1OjRJeOBgAOMsaNA","request_id":"41a286a8-d797-43aa-b33d-b5f80d746343"}
{"time":"2026-02-12T17:17:09.918586+01:00","level":"INFO","msg":"request","component":"api","method":"GET","path":"/api/v1/jobs/user"}
{"time":"2026-02-12T17:17:09.919788+01:00","level":"INFO","msg":"http_request","component":"api","method":"GET","path":"/api/v1/jobs/user","status":200,"duration":"1.203625ms","user_id":"user_36X5eCExtsu1OjRJeOBgAOMsaNA","request_id":"1b1d777c-186e-49ec-82c7-87aa649bb65b"}
{"time":"2026-02-12T17:17:09.921935+01:00","level":"INFO","msg":"http_request","component":"api","method":"GET","path":"/api/v1/credits/balance","status":200,"duration":"1.0015ms","user_id":"user_36X5eCExtsu1OjRJeOBgAOMsaNA","request_id":"36b5f1e2-1089-430a-b5ab-9dedb27d57a6"}
{"time":"2026-02-12T17:17:09.924272+01:00","level":"INFO","msg":"http_request","component":"api","method":"GET","path":"/api/v1/credits/balance","status":200,"duration":"320.167µs","user_id":"user_36X5eCExtsu1OjRJeOBgAOMsaNA","request_id":"2dbdc88b-4749-400c-a8c3-c422436edb45"}
{"time":"2026-02-12T17:18:09.897505+01:00","level":"INFO","msg":"http_request","component":"api","method":"GET","path":"/api/v1/credits/balance","status":200,"duration":"480.333µs","user_id":"user_36X5eCExtsu1OjRJeOBgAOMsaNA","request_id":"af3523cc-b70a-4fce-bfbc-125b822779e8"}
{"time":"2026-02-12T17:18:09.900691+01:00","level":"INFO","msg":"http_request","component":"api","method":"GET","path":"/api/v1/credits/balance","status":200,"duration":"218.209µs","user_id":"user_36X5eCExtsu1OjRJeOBgAOMsaNA","request_id":"7099cde8-1cf6-45f9-a60b-4b8657d5b236"}
{"time":"2026-02-12T17:18:09.909425+01:00","level":"INFO","msg":"http_request","component":"api","method":"GET","path":"/api/v1/credits/balance","status":200,"duration":"461.375µs","user_id":"user_36X5eCExtsu1OjRJeOBgAOMsaNA","request_id":"4ae75541-a967-4e48-aec5-33b61912db64"}
{"time":"2026-02-12T17:18:09.913921+01:00","level":"INFO","msg":"request","component":"api","method":"GET","path":"/api/v1/jobs/user"}
{"time":"2026-02-12T17:18:09.917261+01:00","level":"INFO","msg":"http_request","component":"api","method":"GET","path":"/api/v1/jobs/user","status":200,"duration":"3.334416ms","user_id":"user_36X5eCExtsu1OjRJeOBgAOMsaNA","request_id":"06ebc6c5-f958-4f04-9485-cef32abb9539"}
{"time":"2026-02-12T17:19:09.89638+01:00","level":"INFO","msg":"http_request","component":"api","method":"GET","path":"/api/v1/credits/balance","status":200,"duration":"220.166µs","user_id":"user_36X5eCExtsu1OjRJeOBgAOMsaNA","request_id":"c5794ef3-fff2-45b9-b15d-19c51a8c0ccb"}
{"time":"2026-02-12T17:19:09.898863+01:00","level":"INFO","msg":"http_request","component":"api","method":"GET","path":"/api/v1/credits/balance","status":200,"duration":"185.917µs","user_id":"user_36X5eCExtsu1OjRJeOBgAOMsaNA","request_id":"b38b90bd-4e24-40b6-8b42-4397f0eb3c90"}
{"time":"2026-02-12T17:19:09.906318+01:00","level":"INFO","msg":"http_request","component":"api","method":"GET","path":"/api/v1/credits/balance","status":200,"duration":"219.375µs","user_id":"user_36X5eCExtsu1OjRJeOBgAOMsaNA","request_id":"ea158213-a86f-411a-ba8c-0d746d2ae8ee"}
{"time":"2026-02-12T17:19:09.914353+01:00","level":"INFO","msg":"request","component":"api","method":"GET","path":"/api/v1/jobs/user"}
{"time":"2026-02-12T17:19:09.916427+01:00","level":"INFO","msg":"http_request","component":"api","method":"GET","path":"/api/v1/jobs/user","status":200,"duration":"2.102417ms","user_id":"user_36X5eCExtsu1OjRJeOBgAOMsaNA","request_id":"62c9269c-d31f-4461-9f46-a27877646ba4"}
{"time":"2026-02-12T17:20:09.934145+01:00","level":"INFO","msg":"http_request","component":"api","method":"GET","path":"/api/v1/credits/balance","status":200,"duration":"258.167µs","user_id":"user_36X5eCExtsu1OjRJeOBgAOMsaNA","request_id":"cac349e8-1612-4d16-9f8d-2e07de70bbbd"}
{"time":"2026-02-12T17:20:09.937096+01:00","level":"INFO","msg":"http_request","component":"api","method":"GET","path":"/api/v1/credits/balance","status":200,"duration":"692.875µs","user_id":"user_36X5eCExtsu1OjRJeOBgAOMsaNA","request_id":"2710cddc-5338-48ea-bdfe-45f1c7a989ec"}
{"time":"2026-02-12T17:20:09.939331+01:00","level":"INFO","msg":"http_request","component":"api","method":"GET","path":"/api/v1/credits/balance","status":200,"duration":"193.875µs","user_id":"user_36X5eCExtsu1OjRJeOBgAOMsaNA","request_id":"b5fcc69b-a8a6-49fc-9522-9421474ba6f0"}
{"time":"2026-02-12T17:20:09.958451+01:00","level":"INFO","msg":"request","component":"api","method":"GET","path":"/api/v1/jobs/user"}
{"time":"2026-02-12T17:20:09.97504+01:00","level":"INFO","msg":"http_request","component":"api","method":"GET","path":"/api/v1/jobs/user","status":200,"duration":"16.58575ms","user_id":"user_36X5eCExtsu1OjRJeOBgAOMsaNA","request_id":"c8aa8da7-ec02-4e25-9197-42e7ea398ed4"}
{"time":"2026-02-12T17:21:09.903494+01:00","level":"INFO","msg":"http_request","component":"api","method":"GET","path":"/api/v1/credits/balance","status":200,"duration":"770.458µs","user_id":"user_36X5eCExtsu1OjRJeOBgAOMsaNA","request_id":"52765348-5169-4ee5-989d-05fbfd1533ff"}
{"time":"2026-02-12T17:21:09.918255+01:00","level":"INFO","msg":"http_request","component":"api","method":"GET","path":"/api/v1/credits/balance","status":200,"duration":"322.917µs","user_id":"user_36X5eCExtsu1OjRJeOBgAOMsaNA","request_id":"2633b4d4-1ac9-4ce0-a399-569154de1393"}
{"time":"2026-02-12T17:21:09.924236+01:00","level":"INFO","msg":"request","component":"api","method":"GET","path":"/api/v1/jobs/user"}
{"time":"2026-02-12T17:21:09.925846+01:00","level":"INFO","msg":"http_request","component":"api","method":"GET","path":"/api/v1/jobs/user","status":200,"duration":"1.613334ms","user_id":"user_36X5eCExtsu1OjRJeOBgAOMsaNA","request_id":"5c3ff040-63d0-4c38-b4f2-91b1bda1f945"}
{"time":"2026-02-12T17:21:09.947813+01:00","level":"INFO","msg":"http_request","component":"api","method":"GET","path":"/api/v1/credits/balance","status":200,"duration":"1.825792ms","user_id":"user_36X5eCExtsu1OjRJeOBgAOMsaNA","request_id":"dc3da9c8-6cc6-4804-97b2-6d3b66e4f457"}
{"time":"2026-02-12T17:22:09.907001+01:00","level":"INFO","msg":"http_request","component":"api","method":"GET","path":"/api/v1/credits/balance","status":200,"duration":"243.375µs","user_id":"user_36X5eCExtsu1OjRJeOBgAOMsaNA","request_id":"8790407d-b1e1-4b30-8494-c77a531abae0"}
{"time":"2026-02-12T17:22:09.907929+01:00","level":"INFO","msg":"request","component":"api","method":"GET","path":"/api/v1/jobs/user"}
{"time":"2026-02-12T17:22:09.90858+01:00","level":"INFO","msg":"http_request","component":"api","method":"GET","path":"/api/v1/credits/balance","status":200,"duration":"243.833µs","user_id":"user_36X5eCExtsu1OjRJeOBgAOMsaNA","request_id":"80d72b99-d072-465e-9967-63e4f287c9f7"}
{"time":"2026-02-12T17:22:09.910151+01:00","level":"INFO","msg":"http_request","component":"api","method":"GET","path":"/api/v1/credits/balance","status":200,"duration":"208.916µs","user_id":"user_36X5eCExtsu1OjRJeOBgAOMsaNA","request_id":"f0451575-03b9-40df-9c3d-f9050cb2d0ee"}
{"time":"2026-02-12T17:22:09.931565+01:00","level":"INFO","msg":"http_request","component":"api","method":"GET","path":"/api/v1/jobs/user","status":200,"duration":"23.631084ms","user_id":"user_36X5eCExtsu1OjRJeOBgAOMsaNA","request_id":"8386d418-a5d4-415d-b63f-a39bcbe2acf9"}
{"time":"2026-02-12T17:23:10.81033+01:00","level":"INFO","msg":"request","component":"api","method":"GET","path":"/api/v1/jobs/user"}
{"time":"2026-02-12T17:23:10.812741+01:00","level":"INFO","msg":"http_request","component":"api","method":"GET","path":"/api/v1/jobs/user","status":200,"duration":"2.404833ms","user_id":"user_36X5eCExtsu1OjRJeOBgAOMsaNA","request_id":"f9fd21fa-f5b9-4a81-ab45-31c2597bd849"}
{"time":"2026-02-12T17:23:10.813871+01:00","level":"INFO","msg":"http_request","component":"api","method":"GET","path":"/api/v1/credits/balance","status":200,"duration":"857.083µs","user_id":"user_36X5eCExtsu1OjRJeOBgAOMsaNA","request_id":"2ccc08f8-1665-4bd7-ad21-ac01f08462ff"}
{"time":"2026-02-12T17:23:10.90313+01:00","level":"INFO","msg":"http_request","component":"api","method":"GET","path":"/api/v1/credits/balance","status":200,"duration":"219.875µs","user_id":"user_36X5eCExtsu1OjRJeOBgAOMsaNA","request_id":"6905c041-4cbd-4ef6-8105-4ad0dab34b62"}
{"time":"2026-02-12T17:23:10.904009+01:00","level":"INFO","msg":"http_request","component":"api","method":"GET","path":"/api/v1/credits/balance","status":200,"duration":"149.25µs","user_id":"user_36X5eCExtsu1OjRJeOBgAOMsaNA","request_id":"52536e66-c78a-43bd-8c86-32011d4ff4d7"}
{"time":"2026-02-12T17:24:09.893643+01:00","level":"INFO","msg":"http_request","component":"api","method":"GET","path":"/api/v1/credits/balance","status":200,"duration":"187.167µs","user_id":"user_36X5eCExtsu1OjRJeOBgAOMsaNA","request_id":"e26dcb91-34dd-4d94-b80c-46b28059c0f1"}
{"time":"2026-02-12T17:24:09.899543+01:00","level":"INFO","msg":"http_request","component":"api","method":"GET","path":"/api/v1/credits/balance","status":200,"duration":"308.625µs","user_id":"user_36X5eCExtsu1OjRJeOBgAOMsaNA","request_id":"17a8a0d5-ddd9-4bb5-86ee-2614767dcc32"}
{"time":"2026-02-12T17:24:09.901738+01:00","level":"INFO","msg":"request","component":"api","method":"GET","path":"/api/v1/jobs/user"}
{"time":"2026-02-12T17:24:09.902312+01:00","level":"INFO","msg":"http_request","component":"api","method":"GET","path":"/api/v1/jobs/user","status":200,"duration":"575.083µs","user_id":"user_36X5eCExtsu1OjRJeOBgAOMsaNA","request_id":"7adffcf4-319d-4794-9b64-df17bf8172d2"}
{"time":"2026-02-12T17:24:09.904631+01:00","level":"INFO","msg":"http_request","component":"api","method":"GET","path":"/api/v1/credits/balance","status":200,"duration":"490.875µs","user_id":"user_36X5eCExtsu1OjRJeOBgAOMsaNA","request_id":"9296d4a0-c74c-4b69-bff3-37442dff3499"}
{"time":"2026-02-12T17:25:09.895648+01:00","level":"INFO","msg":"http_request","component":"api","method":"GET","path":"/api/v1/credits/balance","status":200,"duration":"701.292µs","user_id":"user_36X5eCExtsu1OjRJeOBgAOMsaNA","request_id":"867e1728-8d3f-4a95-803b-fb4a99334f9e"}
{"time":"2026-02-12T17:25:09.906754+01:00","level":"INFO","msg":"http_request","component":"api","method":"GET","path":"/api/v1/credits/balance","status":200,"duration":"2.150458ms","user_id":"user_36X5eCExtsu1OjRJeOBgAOMsaNA","request_id":"a24e060e-f3c6-4e30-b60a-bb056ff0e545"}
{"time":"2026-02-12T17:25:09.910131+01:00","level":"INFO","msg":"request","component":"api","method":"GET","path":"/api/v1/jobs/user"}
{"time":"2026-02-12T17:25:09.910746+01:00","level":"INFO","msg":"http_request","component":"api","method":"GET","path":"/api/v1/credits/balance","status":200,"duration":"180µs","user_id":"user_36X5eCExtsu1OjRJeOBgAOMsaNA","request_id":"fea15516-74ef-42e3-94f0-c1114fa9f1b1"}
{"time":"2026-02-12T17:25:09.911075+01:00","level":"INFO","msg":"http_request","component":"api","method":"GET","path":"/api/v1/jobs/user","status":200,"duration":"942.583µs","user_id":"user_36X5eCExtsu1OjRJeOBgAOMsaNA","request_id":"fa8f2ac1-a823-4b8c-826d-5fbea8729f44"}
{"time":"2026-02-12T17:26:09.896475+01:00","level":"INFO","msg":"http_request","component":"api","method":"GET","path":"/api/v1/credits/balance","status":200,"duration":"858.792µs","user_id":"user_36X5eCExtsu1OjRJeOBgAOMsaNA","request_id":"07dde115-6866-4254-a947-0b174a4db1e3"}
{"time":"2026-02-12T17:26:09.898827+01:00","level":"INFO","msg":"request","component":"api","method":"GET","path":"/api/v1/jobs/user"}
{"time":"2026-02-12T17:26:09.900393+01:00","level":"INFO","msg":"http_request","component":"api","method":"GET","path":"/api/v1/credits/balance","status":200,"duration":"243µs","user_id":"user_36X5eCExtsu1OjRJeOBgAOMsaNA","request_id":"a9448f73-7cf6-4060-beea-510fc7d851da"}
{"time":"2026-02-12T17:26:09.902454+01:00","level":"INFO","msg":"http_request","component":"api","method":"GET","path":"/api/v1/credits/balance","status":200,"duration":"367.625µs","user_id":"user_36X5eCExtsu1OjRJeOBgAOMsaNA","request_id":"20ec63ee-f53c-4c47-9f6b-2698a510e464"}
{"time":"2026-02-12T17:26:09.928703+01:00","level":"INFO","msg":"http_request","component":"api","method":"GET","path":"/api/v1/jobs/user","status":200,"duration":"29.87625ms","user_id":"user_36X5eCExtsu1OjRJeOBgAOMsaNA","request_id":"1d6931c3-1754-4c15-b1fd-459c7a9b7bb5"}
{"time":"2026-02-12T17:27:09.890423+01:00","level":"INFO","msg":"http_request","component":"api","method":"GET","path":"/api/v1/credits/balance","status":200,"duration":"789.125µs","user_id":"user_36X5eCExtsu1OjRJeOBgAOMsaNA","request_id":"4127ced5-de70-4eac-b627-2d9f7345cf16"}
{"time":"2026-02-12T17:27:09.89303+01:00","level":"INFO","msg":"http_request","component":"api","method":"GET","path":"/api/v1/credits/balance","status":200,"duration":"507.25µs","user_id":"user_36X5eCExtsu1OjRJeOBgAOMsaNA","request_id":"cad002f5-9bfc-4edc-a197-8acaaa4cc9e8"}
{"time":"2026-02-12T17:27:09.915885+01:00","level":"INFO","msg":"http_request","component":"api","method":"GET","path":"/api/v1/credits/balance","status":200,"duration":"4.496792ms","user_id":"user_36X5eCExtsu1OjRJeOBgAOMsaNA","request_id":"d60865dd-cd63-4d99-92ef-8f3609700bc1"}
{"time":"2026-02-12T17:27:09.929252+01:00","level":"INFO","msg":"request","component":"api","method":"GET","path":"/api/v1/jobs/user"}
{"time":"2026-02-12T17:27:10.274373+01:00","level":"INFO","msg":"http_request","component":"api","method":"GET","path":"/api/v1/jobs/user","status":200,"duration":"345.128291ms","user_id":"user_36X5eCExtsu1OjRJeOBgAOMsaNA","request_id":"023bfb5f-d6a1-485d-ac22-f223425f718f"}
{"time":"2026-02-12T17:28:09.891566+01:00","level":"INFO","msg":"http_request","component":"api","method":"GET","path":"/api/v1/credits/balance","status":200,"duration":"632.625µs","user_id":"user_36X5eCExtsu1OjRJeOBgAOMsaNA","request_id":"77f53222-1359-43ee-b014-0d6dd314da17"}
{"time":"2026-02-12T17:28:09.893024+01:00","level":"INFO","msg":"http_request","component":"api","method":"GET","path":"/api/v1/credits/balance","status":200,"duration":"174.833µs","user_id":"user_36X5eCExtsu1OjRJeOBgAOMsaNA","request_id":"076697a7-5bcd-4425-878f-8362f8267c2d"}
{"time":"2026-02-12T17:28:09.934074+01:00","level":"INFO","msg":"http_request","component":"api","method":"GET","path":"/api/v1/credits/balance","status":200,"duration":"303.333µs","user_id":"user_36X5eCExtsu1OjRJeOBgAOMsaNA","request_id":"eed1153c-7593-45e8-a564-888de70b652f"}
{"time":"2026-02-12T17:28:09.934718+01:00","level":"INFO","msg":"request","component":"api","method":"GET","path":"/api/v1/jobs/user"}
{"time":"2026-02-12T17:28:09.935535+01:00","level":"INFO","msg":"http_request","component":"api","method":"GET","path":"/api/v1/jobs/user","status":200,"duration":"816.958µs","user_id":"user_36X5eCExtsu1OjRJeOBgAOMsaNA","request_id":"06e73ebc-4d7c-4fbd-9c55-835699267b5f"}
{"time":"2026-02-12T17:29:09.916828+01:00","level":"INFO","msg":"http_request","component":"api","method":"GET","path":"/api/v1/credits/balance","status":200,"duration":"684.084µs","user_id":"user_36X5eCExtsu1OjRJeOBgAOMsaNA","request_id":"a6979d82-67d3-4c5f-8293-66ae12bd1e06"}
{"time":"2026-02-12T17:29:09.918767+01:00","level":"INFO","msg":"request","component":"api","method":"GET","path":"/api/v1/jobs/user"}
{"time":"2026-02-12T17:29:09.92013+01:00","level":"INFO","msg":"http_request","component":"api","method":"GET","path":"/api/v1/jobs/user","status":200,"duration":"1.364792ms","user_id":"user_36X5eCExtsu1OjRJeOBgAOMsaNA","request_id":"b6daba81-8702-4d6d-a3e6-23ebd920cd26"}
{"time":"2026-02-12T17:29:09.920415+01:00","level":"INFO","msg":"http_request","component":"api","method":"GET","path":"/api/v1/credits/balance","status":200,"duration":"395.875µs","user_id":"user_36X5eCExtsu1OjRJeOBgAOMsaNA","request_id":"0e2e5a4d-4b90-48e1-8bda-ee3af74cf8a9"}
{"time":"2026-02-12T17:29:09.923303+01:00","level":"INFO","msg":"http_request","component":"api","method":"GET","path":"/api/v1/credits/balance","status":200,"duration":"480.959µs","user_id":"user_36X5eCExtsu1OjRJeOBgAOMsaNA","request_id":"4427ee78-a99b-4391-a85d-c862e33a356e"}
{"time":"2026-02-12T17:30:10.068874+01:00","level":"INFO","msg":"http_request","component":"api","method":"GET","path":"/api/v1/credits/balance","status":200,"duration":"845.041µs","user_id":"user_36X5eCExtsu1OjRJeOBgAOMsaNA","request_id":"344ce6d7-7b13-4016-8e2c-1bbb02026c6d"}
{"time":"2026-02-12T17:30:10.071039+01:00","level":"INFO","msg":"request","component":"api","method":"GET","path":"/api/v1/jobs/user"}
{"time":"2026-02-12T17:30:10.071783+01:00","level":"INFO","msg":"http_request","component":"api","method":"GET","path":"/api/v1/jobs/user","status":200,"duration":"744.583µs","user_id":"user_36X5eCExtsu1OjRJeOBgAOMsaNA","request_id":"13e1edcf-9604-4517-ae86-58eb4a167009"}
{"time":"2026-02-12T17:30:10.083284+01:00","level":"INFO","msg":"http_request","component":"api","method":"GET","path":"/api/v1/credits/balance","status":200,"duration":"1.040417ms","user_id":"user_36X5eCExtsu1OjRJeOBgAOMsaNA","request_id":"82c044e5-03a8-4a0a-9283-2eac2ea4b605"}
{"time":"2026-02-12T17:30:10.085405+01:00","level":"INFO","msg":"http_request","component":"api","method":"GET","path":"/api/v1/credits/balance","status":200,"duration":"328.292µs","user_id":"user_36X5eCExtsu1OjRJeOBgAOMsaNA","request_id":"a3446ce5-9dc8-4569-8f06-cefe9e4bc605"}
{"time":"2026-02-12T17:31:09.891341+01:00","level":"INFO","msg":"http_request","component":"api","method":"GET","path":"/api/v1/credits/balance","status":200,"duration":"466.292µs","user_id":"user_36X5eCExtsu1OjRJeOBgAOMsaNA","request_id":"6cca7141-d801-4315-9186-88f3b56c381c"}
{"time":"2026-02-12T17:31:09.891606+01:00","level":"INFO","msg":"request","component":"api","method":"GET","path":"/api/v1/jobs/user"}
{"time":"2026-02-12T17:31:09.893189+01:00","level":"INFO","msg":"http_request","component":"api","method":"GET","path":"/api/v1/jobs/user","status":200,"duration":"1.581041ms","user_id":"user_36X5eCExtsu1OjRJeOBgAOMsaNA","request_id":"f147a9e6-b563-44d5-b152-08435cc90c20"}
{"time":"2026-02-12T17:31:09.893301+01:00","level":"INFO","msg":"http_request","component":"api","method":"GET","path":"/api/v1/credits/balance","status":200,"duration":"236.625µs","user_id":"user_36X5eCExtsu1OjRJeOBgAOMsaNA","request_id":"05d7ab28-a347-4554-a965-6bb317bab7e5"}
{"time":"2026-02-12T17:31:09.900065+01:00","level":"INFO","msg":"http_request","component":"api","method":"GET","path":"/api/v1/credits/balance","status":200,"duration":"1.54225ms","user_id":"user_36X5eCExtsu1OjRJeOBgAOMsaNA","request_id":"c8745ce3-4ce3-472d-a47f-f5e5e2b6f60e"}
{"time":"2026-02-12T17:32:09.892768+01:00","level":"INFO","msg":"http_request","component":"api","method":"GET","path":"/api/v1/credits/balance","status":200,"duration":"298.833µs","user_id":"user_36X5eCExtsu1OjRJeOBgAOMsaNA","request_id":"b157ba3c-5c2d-4095-8544-ff1647701e70"}
{"time":"2026-02-12T17:32:09.895443+01:00","level":"INFO","msg":"http_request","component":"api","method":"GET","path":"/api/v1/credits/balance","status":200,"duration":"328.417µs","user_id":"user_36X5eCExtsu1OjRJeOBgAOMsaNA","request_id":"4dc3c857-bc8d-4c02-a611-2c1f16527686"}
{"time":"2026-02-12T17:32:09.902213+01:00","level":"INFO","msg":"http_request","component":"api","method":"GET","path":"/api/v1/credits/balance","status":200,"duration":"256.333µs","user_id":"user_36X5eCExtsu1OjRJeOBgAOMsaNA","request_id":"c4b6a462-6b06-4762-87a0-de826f14c9a3"}
{"time":"2026-02-12T17:32:09.918704+01:00","level":"INFO","msg":"request","component":"api","method":"GET","path":"/api/v1/jobs/user"}
{"time":"2026-02-12T17:32:09.926279+01:00","level":"INFO","msg":"http_request","component":"api","method":"GET","path":"/api/v1/jobs/user","status":200,"duration":"7.56725ms","user_id":"user_36X5eCExtsu1OjRJeOBgAOMsaNA","request_id":"810d0574-34e8-464e-93e5-e3d2f6617ee0"}
{"time":"2026-02-12T17:33:09.894915+01:00","level":"INFO","msg":"http_request","component":"api","method":"GET","path":"/api/v1/credits/balance","status":200,"duration":"1.006125ms","user_id":"user_36X5eCExtsu1OjRJeOBgAOMsaNA","request_id":"a43298dd-de82-40f8-aae1-5a35b4ef9796"}
{"time":"2026-02-12T17:33:09.895264+01:00","level":"INFO","msg":"request","component":"api","method":"GET","path":"/api/v1/jobs/user"}
{"time":"2026-02-12T17:33:09.900002+01:00","level":"INFO","msg":"http_request","component":"api","method":"GET","path":"/api/v1/jobs/user","status":200,"duration":"4.759583ms","user_id":"user_36X5eCExtsu1OjRJeOBgAOMsaNA","request_id":"9ef7c5fc-e625-44a3-a9c8-6ab1d6bd139a"}
{"time":"2026-02-12T17:33:09.902116+01:00","level":"INFO","msg":"http_request","component":"api","method":"GET","path":"/api/v1/credits/balance","status":200,"duration":"1.104292ms","user_id":"user_36X5eCExtsu1OjRJeOBgAOMsaNA","request_id":"cd1957ab-0610-4119-a785-993dfa474c93"}
{"time":"2026-02-12T17:33:09.907348+01:00","level":"INFO","msg":"http_request","component":"api","method":"GET","path":"/api/v1/credits/balance","status":200,"duration":"726.458µs","user_id":"user_36X5eCExtsu1OjRJeOBgAOMsaNA","request_id":"f66b4e53-5f49-4e64-89db-527af7e0007f"}
{"time":"2026-02-12T17:34:09.894668+01:00","level":"INFO","msg":"http_request","component":"api","method":"GET","path":"/api/v1/credits/balance","status":200,"duration":"238.833µs","user_id":"user_36X5eCExtsu1OjRJeOBgAOMsaNA","request_id":"479f9cac-41f9-4a2b-8d1a-0570b09df9dc"}
{"time":"2026-02-12T17:34:09.900924+01:00","level":"INFO","msg":"http_request","component":"api","method":"GET","path":"/api/v1/credits/balance","status":200,"duration":"490.042µs","user_id":"user_36X5eCExtsu1OjRJeOBgAOMsaNA","request_id":"fd91270d-d4fe-4d68-9850-04578e142355"}
{"time":"2026-02-12T17:34:09.904196+01:00","level":"INFO","msg":"http_request","component":"api","method":"GET","path":"/api/v1/credits/balance","status":200,"duration":"1.024291ms","user_id":"user_36X5eCExtsu1OjRJeOBgAOMsaNA","request_id":"4f588373-d837-460e-9755-137ac0475044"}
{"time":"2026-02-12T17:34:09.921149+01:00","level":"INFO","msg":"request","component":"api","method":"GET","path":"/api/v1/jobs/user"}
{"time":"2026-02-12T17:34:09.930651+01:00","level":"INFO","msg":"http_request","component":"api","method":"GET","path":"/api/v1/jobs/user","status":200,"duration":"9.500666ms","user_id":"user_36X5eCExtsu1OjRJeOBgAOMsaNA","request_id":"2c94c2ea-b304-40ef-b22e-762fdc477fdb"}
{"time":"2026-02-12T17:35:09.892949+01:00","level":"INFO","msg":"http_request","component":"api","method":"GET","path":"/api/v1/credits/balance","status":200,"duration":"788.833µs","user_id":"user_36X5eCExtsu1OjRJeOBgAOMsaNA","request_id":"4082fad6-c07f-43be-afda-dc1258320837"}
{"time":"2026-02-12T17:35:09.894615+01:00","level":"INFO","msg":"http_request","component":"api","method":"GET","path":"/api/v1/credits/balance","status":200,"duration":"173.708µs","user_id":"user_36X5eCExtsu1OjRJeOBgAOMsaNA","request_id":"80ae8316-c975-402a-9f9a-0ca5ba4e39f0"}
{"time":"2026-02-12T17:35:09.916228+01:00","level":"INFO","msg":"http_request","component":"api","method":"GET","path":"/api/v1/credits/balance","status":200,"duration":"1.286458ms","user_id":"user_36X5eCExtsu1OjRJeOBgAOMsaNA","request_id":"4a0b76a2-5870-4dbf-beed-d8282168dfca"}
{"time":"2026-02-12T17:35:09.917055+01:00","level":"INFO","msg":"request","component":"api","method":"GET","path":"/api/v1/jobs/user"}
{"time":"2026-02-12T17:35:09.918098+01:00","level":"INFO","msg":"http_request","component":"api","method":"GET","path":"/api/v1/jobs/user","status":200,"duration":"1.043542ms","user_id":"user_36X5eCExtsu1OjRJeOBgAOMsaNA","request_id":"5157107e-f43a-452d-973f-e81df9a460d9"}
{"time":"2026-02-12T17:36:09.879067+01:00","level":"INFO","msg":"request","component":"api","method":"GET","path":"/api/v1/jobs/user"}
{"time":"2026-02-12T17:36:09.880707+01:00","level":"INFO","msg":"http_request","component":"api","method":"GET","path":"/api/v1/jobs/user","status":200,"duration":"1.63875ms","user_id":"user_36X5eCExtsu1OjRJeOBgAOMsaNA","request_id":"ea24f229-6205-4327-b58e-1df22af0ce1f"}
{"time":"2026-02-12T17:36:09.88127+01:00","level":"INFO","msg":"http_request","component":"api","method":"GET","path":"/api/v1/credits/balance","status":200,"duration":"1.090167ms","user_id":"user_36X5eCExtsu1OjRJeOBgAOMsaNA","request_id":"528dc56c-7c49-4e73-80a5-c62357b37197"}
{"time":"2026-02-12T17:36:09.888273+01:00","level":"INFO","msg":"http_request","component":"api","method":"GET","path":"/api/v1/credits/balance","status":200,"duration":"201.041µs","user_id":"user_36X5eCExtsu1OjRJeOBgAOMsaNA","request_id":"ea56dc99-1842-40f2-b1a3-402abb1a00d3"}
{"time":"2026-02-12T17:36:09.8916+01:00","level":"INFO","msg":"http_request","component":"api","method":"GET","path":"/api/v1/credits/balance","status":200,"duration":"224.708µs","user_id":"user_36X5eCExtsu1OjRJeOBgAOMsaNA","request_id":"2d711bf5-7524-48d4-8750-73a16ebfced3"}
{"time":"2026-02-12T17:37:09.885576+01:00","level":"INFO","msg":"http_request","component":"api","method":"GET","path":"/api/v1/credits/balance","status":200,"duration":"1.998583ms","user_id":"user_36X5eCExtsu1OjRJeOBgAOMsaNA","request_id":"be30df87-fa7e-45ac-ab9d-9d598d2d97e5"}
{"time":"2026-02-12T17:37:09.891019+01:00","level":"INFO","msg":"http_request","component":"api","method":"GET","path":"/api/v1/credits/balance","status":200,"duration":"454.333µs","user_id":"user_36X5eCExtsu1OjRJeOBgAOMsaNA","request_id":"c4bf4284-023f-4397-afec-3b766554715d"}
{"time":"2026-02-12T17:37:09.8991+01:00","level":"INFO","msg":"http_request","component":"api","method":"GET","path":"/api/v1/credits/balance","status":200,"duration":"3.686166ms","user_id":"user_36X5eCExtsu1OjRJeOBgAOMsaNA","request_id":"277285ac-caa4-4ea9-a025-acac80fb8c14"}
{"time":"2026-02-12T17:37:09.902161+01:00","level":"INFO","msg":"request","component":"api","method":"GET","path":"/api/v1/jobs/user"}
{"time":"2026-02-12T17:37:09.907813+01:00","level":"INFO","msg":"http_request","component":"api","method":"GET","path":"/api/v1/jobs/user","status":200,"duration":"5.651167ms","user_id":"user_36X5eCExtsu1OjRJeOBgAOMsaNA","request_id":"8854ab04-d281-41e5-a12d-1c72fc5509ec"}
{"time":"2026-02-12T17:38:09.881043+01:00","level":"INFO","msg":"http_request","component":"api","method":"GET","path":"/api/v1/credits/balance","status":200,"duration":"789.75µs","user_id":"user_36X5eCExtsu1OjRJeOBgAOMsaNA","request_id":"ffe491ed-566f-4a14-b6d3-b1e3e0fb8c2c"}
{"time":"2026-02-12T17:38:09.883122+01:00","level":"INFO","msg":"http_request","component":"api","method":"GET","path":"/api/v1/credits/balance","status":200,"duration":"147.542µs","user_id":"user_36X5eCExtsu1OjRJeOBgAOMsaNA","request_id":"35452c2c-f485-4d67-98aa-d7a623d6d653"}
{"time":"2026-02-12T17:38:09.88447+01:00","level":"INFO","msg":"http_request","component":"api","method":"GET","path":"/api/v1/credits/balance","status":200,"duration":"191.417µs","user_id":"user_36X5eCExtsu1OjRJeOBgAOMsaNA","request_id":"a1db98c7-b74e-4160-8671-2a8a73ff759d"}
{"time":"2026-02-12T17:38:09.901475+01:00","level":"INFO","msg":"request","component":"api","method":"GET","path":"/api/v1/jobs/user"}
{"time":"2026-02-12T17:38:09.918628+01:00","level":"INFO","msg":"http_request","component":"api","method":"GET","path":"/api/v1/jobs/user","status":200,"duration":"17.14775ms","user_id":"user_36X5eCExtsu1OjRJeOBgAOMsaNA","request_id":"031d7635-5595-4430-aedc-23471f30feb0"}
{"time":"2026-02-12T17:39:09.903985+01:00","level":"INFO","msg":"http_request","component":"api","method":"GET","path":"/api/v1/credits/balance","status":200,"duration":"1.100667ms","user_id":"user_36X5eCExtsu1OjRJeOBgAOMsaNA","request_id":"51e5d3e4-14a6-4901-8943-9c69de2acf6e"}
{"time":"2026-02-12T17:39:09.904077+01:00","level":"INFO","msg":"request","component":"api","method":"GET","path":"/api/v1/jobs/user"}
{"time":"2026-02-12T17:39:09.908732+01:00","level":"INFO","msg":"http_request","component":"api","method":"GET","path":"/api/v1/jobs/user","status":200,"duration":"4.653666ms","user_id":"user_36X5eCExtsu1OjRJeOBgAOMsaNA","request_id":"f3eb547c-5096-42a3-8cd4-2b8e7cab04e8"}
{"time":"2026-02-12T17:39:09.909911+01:00","level":"INFO","msg":"http_request","component":"api","method":"GET","path":"/api/v1/credits/balance","status":200,"duration":"495.458µs","user_id":"user_36X5eCExtsu1OjRJeOBgAOMsaNA","request_id":"6c296e5b-1936-4c77-8f50-2d5a8274fc4a"}
{"time":"2026-02-12T17:39:09.918027+01:00","level":"INFO","msg":"http_request","component":"api","method":"GET","path":"/api/v1/credits/balance","status":200,"duration":"241.583µs","user_id":"user_36X5eCExtsu1OjRJeOBgAOMsaNA","request_id":"66c075d9-373c-47de-b1f3-fa8d809c89be"}
{"time":"2026-02-12T17:40:09.902348+01:00","level":"INFO","msg":"http_request","component":"api","method":"GET","path":"/api/v1/credits/balance","status":200,"duration":"195.625µs","user_id":"user_36X5eCExtsu1OjRJeOBgAOMsaNA","request_id":"41a84d2f-d84d-4e6a-a6dd-fac085ef15b6"}
{"time":"2026-02-12T17:40:09.904473+01:00","level":"INFO","msg":"request","component":"api","method":"GET","path":"/api/v1/jobs/user"}
{"time":"2026-02-12T17:40:09.905184+01:00","level":"INFO","msg":"http_request","component":"api","method":"GET","path":"/api/v1/jobs/user","status":200,"duration":"712.208µs","user_id":"user_36X5eCExtsu1OjRJeOBgAOMsaNA","request_id":"8d74408d-22c5-4ad8-bb0e-7504ce266dca"}
{"time":"2026-02-12T17:40:09.917097+01:00","level":"INFO","msg":"http_request","component":"api","method":"GET","path":"/api/v1/credits/balance","status":200,"duration":"440.083µs","user_id":"user_36X5eCExtsu1OjRJeOBgAOMsaNA","request_id":"6494cbdf-ffab-4335-a2c7-45d77c762721"}
{"time":"2026-02-12T17:40:09.92071+01:00","level":"INFO","msg":"http_request","component":"api","method":"GET","path":"/api/v1/credits/balance","status":200,"duration":"251.375µs","user_id":"user_36X5eCExtsu1OjRJeOBgAOMsaNA","request_id":"3e5af382-0f8c-4818-b2bf-364ece6fecf7"}
{"time":"2026-02-12T17:41:09.904092+01:00","level":"INFO","msg":"http_request","component":"api","method":"GET","path":"/api/v1/credits/balance","status":200,"duration":"489.667µs","user_id":"user_36X5eCExtsu1OjRJeOBgAOMsaNA","request_id":"bd4914f5-54ed-4db3-9cc7-af8430641602"}
{"time":"2026-02-12T17:41:09.9182+01:00","level":"INFO","msg":"http_request","component":"api","method":"GET","path":"/api/v1/credits/balance","status":200,"duration":"280.75µs","user_id":"user_36X5eCExtsu1OjRJeOBgAOMsaNA","request_id":"aeb69530-ae73-4f6d-8c02-03b1cc676502"}
{"time":"2026-02-12T17:41:10.273406+01:00","level":"INFO","msg":"http_request","component":"api","method":"GET","path":"/api/v1/credits/balance","status":200,"duration":"321.416µs","user_id":"user_36X5eCExtsu1OjRJeOBgAOMsaNA","request_id":"b45899c9-18bc-49d8-8f03-6c176f076dd3"}
{"time":"2026-02-12T17:41:10.274536+01:00","level":"INFO","msg":"request","component":"api","method":"GET","path":"/api/v1/jobs/user"}
{"time":"2026-02-12T17:41:10.277166+01:00","level":"INFO","msg":"http_request","component":"api","method":"GET","path":"/api/v1/jobs/user","status":200,"duration":"2.629ms","user_id":"user_36X5eCExtsu1OjRJeOBgAOMsaNA","request_id":"a5e448ab-bc4c-4f3d-a2fd-9a3750c0d2f8"}
{"time":"2026-02-12T17:42:09.906441+01:00","level":"INFO","msg":"http_request","component":"api","method":"GET","path":"/api/v1/credits/balance","status":200,"duration":"366.167µs","user_id":"user_36X5eCExtsu1OjRJeOBgAOMsaNA","request_id":"9bec796f-1112-4a29-b07d-3d2b777672f2"}
{"time":"2026-02-12T17:42:09.90861+01:00","level":"INFO","msg":"http_request","component":"api","method":"GET","path":"/api/v1/credits/balance","status":200,"duration":"175.625µs","user_id":"user_36X5eCExtsu1OjRJeOBgAOMsaNA","request_id":"7516fd1b-c226-47ff-b70d-86568d92eb44"}
{"time":"2026-02-12T17:42:09.921255+01:00","level":"INFO","msg":"http_request","component":"api","method":"GET","path":"/api/v1/credits/balance","status":200,"duration":"212.875µs","user_id":"user_36X5eCExtsu1OjRJeOBgAOMsaNA","request_id":"87efb7a9-469e-49b5-a08a-b438485aaa41"}
{"time":"2026-02-12T17:42:09.923567+01:00","level":"INFO","msg":"request","component":"api","method":"GET","path":"/api/v1/jobs/user"}
{"time":"2026-02-12T17:42:09.924382+01:00","level":"INFO","msg":"http_request","component":"api","method":"GET","path":"/api/v1/jobs/user","status":200,"duration":"818.458µs","user_id":"user_36X5eCExtsu1OjRJeOBgAOMsaNA","request_id":"1d3341d9-fe02-4133-b4aa-505e095f0ff9"}
{"time":"2026-02-12T17:43:09.923973+01:00","level":"INFO","msg":"http_request","component":"api","method":"GET","path":"/api/v1/credits/balance","status":200,"duration":"607.375µs","user_id":"user_36X5eCExtsu1OjRJeOBgAOMsaNA","request_id":"10e047f4-fb02-484b-bd2c-9e746fb62129"}
{"time":"2026-02-12T17:43:09.930465+01:00","level":"INFO","msg":"http_request","component":"api","method":"GET","path":"/api/v1/credits/balance","status":200,"duration":"308.208µs","user_id":"user_36X5eCExtsu1OjRJeOBgAOMsaNA","request_id":"5fb8fb0d-e714-4843-8a0c-48d25fb70e28"}
{"time":"2026-02-12T17:43:09.93603+01:00","level":"INFO","msg":"http_request","component":"api","method":"GET","path":"/api/v1/credits/balance","status":200,"duration":"461.167µs","user_id":"user_36X5eCExtsu1OjRJeOBgAOMsaNA","request_id":"8fa01dd6-723a-4af6-8116-dc4cde278800"}
{"time":"2026-02-12T17:43:09.945456+01:00","level":"INFO","msg":"request","component":"api","method":"GET","path":"/api/v1/jobs/user"}
{"time":"2026-02-12T17:43:09.956058+01:00","level":"INFO","msg":"http_request","component":"api","method":"GET","path":"/api/v1/jobs/user","status":200,"duration":"10.625166ms","user_id":"user_36X5eCExtsu1OjRJeOBgAOMsaNA","request_id":"a3d8c985-a2e9-4938-9a84-5b7c5f1f8c4b"}
{"time":"2026-02-12T17:44:09.899792+01:00","level":"INFO","msg":"http_request","component":"api","method":"GET","path":"/api/v1/credits/balance","status":200,"duration":"869.083µs","user_id":"user_36X5eCExtsu1OjRJeOBgAOMsaNA","request_id":"cb4cd27d-bd40-4af5-ac9f-463e2628dc47"}
{"time":"2026-02-12T17:44:09.901748+01:00","level":"INFO","msg":"http_request","component":"api","method":"GET","path":"/api/v1/credits/balance","status":200,"duration":"273.25µs","user_id":"user_36X5eCExtsu1OjRJeOBgAOMsaNA","request_id":"e3c7e2fd-6c6f-4623-95b6-33b82fa498a6"}
{"time":"2026-02-12T17:44:09.91323+01:00","level":"INFO","msg":"http_request","component":"api","method":"GET","path":"/api/v1/credits/balance","status":200,"duration":"432.083µs","user_id":"user_36X5eCExtsu1OjRJeOBgAOMsaNA","request_id":"fd4dae7a-2e95-4248-a0cd-86e9c55508d3"}
{"time":"2026-02-12T17:44:09.913606+01:00","level":"INFO","msg":"request","component":"api","method":"GET","path":"/api/v1/jobs/user"}
{"time":"2026-02-12T17:44:09.915319+01:00","level":"INFO","msg":"http_request","component":"api","method":"GET","path":"/api/v1/jobs/user","status":200,"duration":"1.862584ms","user_id":"user_36X5eCExtsu1OjRJeOBgAOMsaNA","request_id":"ef299e14-8fe0-41c4-bbb3-a45b6c570901"}
{"time":"2026-02-12T17:45:09.907343+01:00","level":"INFO","msg":"http_request","component":"api","method":"GET","path":"/api/v1/credits/balance","status":200,"duration":"305.333µs","user_id":"user_36X5eCExtsu1OjRJeOBgAOMsaNA","request_id":"d4069eb9-fc4b-4f8e-aa7d-82ad0ceec227"}
{"time":"2026-02-12T17:45:09.910683+01:00","level":"INFO","msg":"http_request","component":"api","method":"GET","path":"/api/v1/credits/balance","status":200,"duration":"232.75µs","user_id":"user_36X5eCExtsu1OjRJeOBgAOMsaNA","request_id":"48a7361f-0def-4615-aac9-002dcc687ead"}
{"time":"2026-02-12T17:45:09.91232+01:00","level":"INFO","msg":"request","component":"api","method":"GET","path":"/api/v1/jobs/user"}
{"time":"2026-02-12T17:45:09.914628+01:00","level":"INFO","msg":"http_request","component":"api","method":"GET","path":"/api/v1/jobs/user","status":200,"duration":"2.26675ms","user_id":"user_36X5eCExtsu1OjRJeOBgAOMsaNA","request_id":"0dbc5db2-2f9d-43f3-a5a4-58fe28be6245"}
{"time":"2026-02-12T17:45:09.989073+01:00","level":"INFO","msg":"http_request","component":"api","method":"GET","path":"/api/v1/credits/balance","status":200,"duration":"56.569333ms","user_id":"user_36X5eCExtsu1OjRJeOBgAOMsaNA","request_id":"9b47cd36-bdb8-4d38-a1ad-89bf75b9fe72"}
{"time":"2026-02-12T17:46:09.900627+01:00","level":"INFO","msg":"http_request","component":"api","method":"GET","path":"/api/v1/credits/balance","status":200,"duration":"248.916µs","user_id":"user_36X5eCExtsu1OjRJeOBgAOMsaNA","request_id":"b8d3acb7-0328-45da-b561-2d78f601f115"}
{"time":"2026-02-12T17:46:09.915109+01:00","level":"INFO","msg":"http_request","component":"api","method":"GET","path":"/api/v1/credits/balance","status":200,"duration":"360µs","user_id":"user_36X5eCExtsu1OjRJeOBgAOMsaNA","request_id":"72e684db-ef04-47bf-8df3-601ac67ec5e9"}
{"time":"2026-02-12T17:46:09.915744+01:00","level":"INFO","msg":"request","component":"api","method":"GET","path":"/api/v1/jobs/user"}
{"time":"2026-02-12T17:46:09.917108+01:00","level":"INFO","msg":"http_request","component":"api","method":"GET","path":"/api/v1/credits/balance","status":200,"duration":"325.833µs","user_id":"user_36X5eCExtsu1OjRJeOBgAOMsaNA","request_id":"ba76fea7-5ab5-4247-919c-0dc3384ae5b6"}
{"time":"2026-02-12T17:46:09.919371+01:00","level":"INFO","msg":"http_request","component":"api","method":"GET","path":"/api/v1/jobs/user","status":200,"duration":"3.634542ms","user_id":"user_36X5eCExtsu1OjRJeOBgAOMsaNA","request_id":"dacc4dff-efdf-4079-9fa2-da9f4338dcb0"}
{"time":"2026-02-12T17:47:09.923484+01:00","level":"INFO","msg":"http_request","component":"api","method":"GET","path":"/api/v1/credits/balance","status":200,"duration":"412.208µs","user_id":"user_36X5eCExtsu1OjRJeOBgAOMsaNA","request_id":"5ebc97c1-fd2d-4a76-8fb3-1d82fb6e29d3"}
{"time":"2026-02-12T17:47:09.923765+01:00","level":"INFO","msg":"request","component":"api","method":"GET","path":"/api/v1/jobs/user"}
{"time":"2026-02-12T17:47:09.925242+01:00","level":"INFO","msg":"http_request","component":"api","method":"GET","path":"/api/v1/jobs/user","status":200,"duration":"1.468208ms","user_id":"user_36X5eCExtsu1OjRJeOBgAOMsaNA","request_id":"91afcf88-a2ee-45e4-8b08-02e425dde033"}
{"time":"2026-02-12T17:47:09.946408+01:00","level":"INFO","msg":"http_request","component":"api","method":"GET","path":"/api/v1/credits/balance","status":200,"duration":"1.2545ms","user_id":"user_36X5eCExtsu1OjRJeOBgAOMsaNA","request_id":"dd84f2ec-406f-4d36-8c71-c4bcef3cb4d0"}
{"time":"2026-02-12T17:47:09.948131+01:00","level":"INFO","msg":"http_request","component":"api","method":"GET","path":"/api/v1/credits/balance","status":200,"duration":"480.833µs","user_id":"user_36X5eCExtsu1OjRJeOBgAOMsaNA","request_id":"10832609-9fbd-4bda-b22e-3c42c65fc58f"}
{"time":"2026-02-12T17:48:09.896464+01:00","level":"INFO","msg":"http_request","component":"api","method":"GET","path":"/api/v1/credits/balance","status":200,"duration":"166.333µs","user_id":"user_36X5eCExtsu1OjRJeOBgAOMsaNA","request_id":"ae101309-48a8-4c9a-9f82-13002ca541e3"}
{"time":"2026-02-12T17:48:09.906135+01:00","level":"INFO","msg":"http_request","component":"api","method":"GET","path":"/api/v1/credits/balance","status":200,"duration":"2.093292ms","user_id":"user_36X5eCExtsu1OjRJeOBgAOMsaNA","request_id":"ea7e8000-587f-4763-bca1-e2eb38d4ea64"}
{"time":"2026-02-12T17:48:09.916194+01:00","level":"INFO","msg":"http_request","component":"api","method":"GET","path":"/api/v1/credits/balance","status":200,"duration":"4.152625ms","user_id":"user_36X5eCExtsu1OjRJeOBgAOMsaNA","request_id":"08dc8f83-f0c7-4ac3-b96d-fbb7f4c08fed"}
{"time":"2026-02-12T17:48:09.916921+01:00","level":"INFO","msg":"request","component":"api","method":"GET","path":"/api/v1/jobs/user"}
{"time":"2026-02-12T17:48:09.91842+01:00","level":"INFO","msg":"http_request","component":"api","method":"GET","path":"/api/v1/jobs/user","status":200,"duration":"1.498ms","user_id":"user_36X5eCExtsu1OjRJeOBgAOMsaNA","request_id":"72cf7aa7-788b-4da5-aabb-ca824a8073ac"}
{"time":"2026-02-12T17:49:09.898208+01:00","level":"INFO","msg":"http_request","component":"api","method":"GET","path":"/api/v1/credits/balance","status":200,"duration":"467.792µs","user_id":"user_36X5eCExtsu1OjRJeOBgAOMsaNA","request_id":"f3e84bc3-ea34-43a6-b983-e9e5a8ca5954"}
{"time":"2026-02-12T17:49:09.922547+01:00","level":"INFO","msg":"http_request","component":"api","method":"GET","path":"/api/v1/credits/balance","status":200,"duration":"620.667µs","user_id":"user_36X5eCExtsu1OjRJeOBgAOMsaNA","request_id":"620d7b13-fedb-451d-8630-daef3d187a6e"}
{"time":"2026-02-12T17:49:09.925045+01:00","level":"INFO","msg":"request","component":"api","method":"GET","path":"/api/v1/jobs/user"}
{"time":"2026-02-12T17:49:09.927543+01:00","level":"INFO","msg":"http_request","component":"api","method":"GET","path":"/api/v1/jobs/user","status":200,"duration":"2.494333ms","user_id":"user_36X5eCExtsu1OjRJeOBgAOMsaNA","request_id":"f9f974ae-d398-498d-a4e8-ec9882f7add8"}
{"time":"2026-02-12T17:49:09.949011+01:00","level":"INFO","msg":"http_request","component":"api","method":"GET","path":"/api/v1/credits/balance","status":200,"duration":"1.046417ms","user_id":"user_36X5eCExtsu1OjRJeOBgAOMsaNA","request_id":"62ecffb2-46e5-445d-ac9f-62bcb478597b"}
{"time":"2026-02-12T17:50:09.940965+01:00","level":"INFO","msg":"http_request","component":"api","method":"GET","path":"/api/v1/credits/balance","status":200,"duration":"307.5µs","user_id":"user_36X5eCExtsu1OjRJeOBgAOMsaNA","request_id":"df6423c7-e234-41d1-9d23-db8651521960"}
{"time":"2026-02-12T17:50:09.942992+01:00","level":"INFO","msg":"http_request","component":"api","method":"GET","path":"/api/v1/credits/balance","status":200,"duration":"178.292µs","user_id":"user_36X5eCExtsu1OjRJeOBgAOMsaNA","request_id":"9d7f41bb-2b80-49a7-903f-1448f70191f0"}
{"time":"2026-02-12T17:50:09.945272+01:00","level":"INFO","msg":"http_request","component":"api","method":"GET","path":"/api/v1/credits/balance","status":200,"duration":"337.666µs","user_id":"user_36X5eCExtsu1OjRJeOBgAOMsaNA","request_id":"beae7d2b-7b35-4b7e-b084-203c6d0f8633"}
{"time":"2026-02-12T17:50:09.958383+01:00","level":"INFO","msg":"request","component":"api","method":"GET","path":"/api/v1/jobs/user"}
{"time":"2026-02-12T17:50:09.96717+01:00","level":"INFO","msg":"http_request","component":"api","method":"GET","path":"/api/v1/jobs/user","status":200,"duration":"8.786875ms","user_id":"user_36X5eCExtsu1OjRJeOBgAOMsaNA","request_id":"dbe5aa08-f46b-4fa4-b156-41387a355d9c"}
{"time":"2026-02-12T17:51:09.908369+01:00","level":"INFO","msg":"request","component":"api","method":"GET","path":"/api/v1/jobs/user"}
{"time":"2026-02-12T17:51:09.911618+01:00","level":"INFO","msg":"http_request","component":"api","method":"GET","path":"/api/v1/jobs/user","status":200,"duration":"3.24675ms","user_id":"user_36X5eCExtsu1OjRJeOBgAOMsaNA","request_id":"d37eb922-5fb8-47e0-814d-4d7939c64e48"}
{"time":"2026-02-12T17:51:09.912043+01:00","level":"INFO","msg":"http_request","component":"api","method":"GET","path":"/api/v1/credits/balance","status":200,"duration":"396.583µs","user_id":"user_36X5eCExtsu1OjRJeOBgAOMsaNA","request_id":"b201cee8-70db-4a26-8667-a8b00e3c201f"}
{"time":"2026-02-12T17:51:09.918373+01:00","level":"INFO","msg":"http_request","component":"api","method":"GET","path":"/api/v1/credits/balance","status":200,"duration":"2.608375ms","user_id":"user_36X5eCExtsu1OjRJeOBgAOMsaNA","request_id":"f9361911-aa34-45d9-98bb-12bf8c4ced33"}
{"time":"2026-02-12T17:51:09.925818+01:00","level":"INFO","msg":"http_request","component":"api","method":"GET","path":"/api/v1/credits/balance","status":200,"duration":"883.208µs","user_id":"user_36X5eCExtsu1OjRJeOBgAOMsaNA","request_id":"7e57531c-4022-4037-b4b7-16720acb3ca1"}
{"time":"2026-02-12T17:52:09.914181+01:00","level":"INFO","msg":"http_request","component":"api","method":"GET","path":"/api/v1/credits/balance","status":200,"duration":"289.75µs","user_id":"user_36X5eCExtsu1OjRJeOBgAOMsaNA","request_id":"734e4558-b60a-4d72-8be3-ee08b528d424"}
{"time":"2026-02-12T17:52:09.914948+01:00","level":"INFO","msg":"request","component":"api","method":"GET","path":"/api/v1/jobs/user"}
{"time":"2026-02-12T17:52:09.922938+01:00","level":"INFO","msg":"http_request","component":"api","method":"GET","path":"/api/v1/jobs/user","status":200,"duration":"7.956459ms","user_id":"user_36X5eCExtsu1OjRJeOBgAOMsaNA","request_id":"c397a74d-090d-4860-ab58-1e8ae60ecd91"}
{"time":"2026-02-12T17:52:09.924555+01:00","level":"INFO","msg":"http_request","component":"api","method":"GET","path":"/api/v1/credits/balance","status":200,"duration":"1.451709ms","user_id":"user_36X5eCExtsu1OjRJeOBgAOMsaNA","request_id":"28668b15-2827-4cd3-825f-e2c12505ce82"}
{"time":"2026-02-12T17:52:09.935175+01:00","level":"INFO","msg":"http_request","component":"api","method":"GET","path":"/api/v1/credits/balance","status":200,"duration":"747.166µs","user_id":"user_36X5eCExtsu1OjRJeOBgAOMsaNA","request_id":"b88ee97b-23c5-4643-8164-2c028077382d"}
{"time":"2026-02-12T17:53:09.898005+01:00","level":"INFO","msg":"http_request","component":"api","method":"GET","path":"/api/v1/credits/balance","status":200,"duration":"346.917µs","user_id":"user_36X5eCExtsu1OjRJeOBgAOMsaNA","request_id":"2091efb7-c96b-444b-a0b2-f95aa7c35651"}
{"time":"2026-02-12T17:53:09.901197+01:00","level":"INFO","msg":"request","component":"api","method":"GET","path":"/api/v1/jobs/user"}
{"time":"2026-02-12T17:53:09.901342+01:00","level":"INFO","msg":"http_request","component":"api","method":"GET","path":"/api/v1/credits/balance","status":200,"duration":"249.292µs","user_id":"user_36X5eCExtsu1OjRJeOBgAOMsaNA","request_id":"25a300a3-567b-45f2-955d-e9c86fbbadb6"}
{"time":"2026-02-12T17:53:09.905565+01:00","level":"INFO","msg":"http_request","component":"api","method":"GET","path":"/api/v1/jobs/user","status":200,"duration":"4.364875ms","user_id":"user_36X5eCExtsu1OjRJeOBgAOMsaNA","request_id":"b2a9185d-c13e-41db-9058-594ca54ebcae"}
{"time":"2026-02-12T17:53:09.906913+01:00","level":"INFO","msg":"http_request","component":"api","method":"GET","path":"/api/v1/credits/balance","status":200,"duration":"3.746792ms","user_id":"user_36X5eCExtsu1OjRJeOBgAOMsaNA","request_id":"80aad40f-8e01-4696-a58c-a0c78ed83fd0"}
{"time":"2026-02-12T17:54:09.905851+01:00","level":"INFO","msg":"http_request","component":"api","method":"GET","path":"/api/v1/credits/balance","status":200,"duration":"347.25µs","user_id":"user_36X5eCExtsu1OjRJeOBgAOMsaNA","request_id":"3c0b870d-88f0-4171-8130-b900444252f2"}
{"time":"2026-02-12T17:54:09.907422+01:00","level":"INFO","msg":"http_request","component":"api","method":"GET","path":"/api/v1/credits/balance","status":200,"duration":"244.875µs","user_id":"user_36X5eCExtsu1OjRJeOBgAOMsaNA","request_id":"403d88e1-1ffd-45d9-bac2-1f6e4f5bcd9d"}
{"time":"2026-02-12T17:54:09.908712+01:00","level":"INFO","msg":"request","component":"api","method":"GET","path":"/api/v1/jobs/user"}
{"time":"2026-02-12T17:54:09.909422+01:00","level":"INFO","msg":"http_request","component":"api","method":"GET","path":"/api/v1/jobs/user","status":200,"duration":"710µs","user_id":"user_36X5eCExtsu1OjRJeOBgAOMsaNA","request_id":"f88984ad-1765-4d52-af03-68606b81831e"}
{"time":"2026-02-12T17:54:09.909916+01:00","level":"INFO","msg":"http_request","component":"api","method":"GET","path":"/api/v1/credits/balance","status":200,"duration":"450.917µs","user_id":"user_36X5eCExtsu1OjRJeOBgAOMsaNA","request_id":"2fa7f450-e548-41ad-aa84-f4e04c58a7e4"}
{"time":"2026-02-12T17:55:09.937102+01:00","level":"INFO","msg":"http_request","component":"api","method":"GET","path":"/api/v1/credits/balance","status":200,"duration":"5.305875ms","user_id":"user_36X5eCExtsu1OjRJeOBgAOMsaNA","request_id":"78d3d7c7-258d-49b7-b3cf-f461b4bc0d68"}
{"time":"2026-02-12T17:55:09.939803+01:00","level":"INFO","msg":"http_request","component":"api","method":"GET","path":"/api/v1/credits/balance","status":200,"duration":"401.417µs","user_id":"user_36X5eCExtsu1OjRJeOBgAOMsaNA","request_id":"c1d39ebf-198d-454c-9d82-fa1802bedbcf"}
{"time":"2026-02-12T17:55:09.942367+01:00","level":"INFO","msg":"http_request","component":"api","method":"GET","path":"/api/v1/credits/balance","status":200,"duration":"276.958µs","user_id":"user_36X5eCExtsu1OjRJeOBgAOMsaNA","request_id":"36afcc2d-8b13-4498-b004-8051e19f6b21"}
{"time":"2026-02-12T17:55:10.002909+01:00","level":"INFO","msg":"request","component":"api","method":"GET","path":"/api/v1/jobs/user"}
{"time":"2026-02-12T17:55:10.019803+01:00","level":"INFO","msg":"http_request","component":"api","method":"GET","path":"/api/v1/jobs/user","status":200,"duration":"16.892291ms","user_id":"user_36X5eCExtsu1OjRJeOBgAOMsaNA","request_id":"cc511627-029f-462e-9dd5-62da00df9770"}
{"time":"2026-02-12T17:56:09.898818+01:00","level":"INFO","msg":"http_request","component":"api","method":"GET","path":"/api/v1/credits/balance","status":200,"duration":"1.930333ms","user_id":"user_36X5eCExtsu1OjRJeOBgAOMsaNA","request_id":"1ae67a74-0605-4bda-9f4f-89c2688f1ae4"}
{"time":"2026-02-12T17:56:09.89936+01:00","level":"INFO","msg":"request","component":"api","method":"GET","path":"/api/v1/jobs/user"}
{"time":"2026-02-12T17:56:09.900512+01:00","level":"INFO","msg":"http_request","component":"api","method":"GET","path":"/api/v1/jobs/user","status":200,"duration":"1.147334ms","user_id":"user_36X5eCExtsu1OjRJeOBgAOMsaNA","request_id":"4af98dd3-257f-4f21-819b-fa48396ffef8"}
{"time":"2026-02-12T17:56:09.901844+01:00","level":"INFO","msg":"http_request","component":"api","method":"GET","path":"/api/v1/credits/balance","status":200,"duration":"504.583µs","user_id":"user_36X5eCExtsu1OjRJeOBgAOMsaNA","request_id":"dc9a1ded-5e8f-496c-955a-ae995254aa69"}
{"time":"2026-02-12T17:56:09.905584+01:00","level":"INFO","msg":"http_request","component":"api","method":"GET","path":"/api/v1/credits/balance","status":200,"duration":"1.118292ms","user_id":"user_36X5eCExtsu1OjRJeOBgAOMsaNA","request_id":"9a0b60cc-8490-4d28-beba-687c1d410342"}
{"time":"2026-02-12T17:57:09.895876+01:00","level":"INFO","msg":"http_request","component":"api","method":"GET","path":"/api/v1/credits/balance","status":200,"duration":"1.231334ms","user_id":"user_36X5eCExtsu1OjRJeOBgAOMsaNA","request_id":"4828dab6-bfa0-4bb6-bfc7-c0ff4c9118c9"}
{"time":"2026-02-12T17:57:09.913959+01:00","level":"INFO","msg":"http_request","component":"api","method":"GET","path":"/api/v1/credits/balance","status":200,"duration":"2.821292ms","user_id":"user_36X5eCExtsu1OjRJeOBgAOMsaNA","request_id":"b020e72a-20fa-408c-a4e2-4c6821c43647"}
{"time":"2026-02-12T17:57:09.934473+01:00","level":"INFO","msg":"http_request","component":"api","method":"GET","path":"/api/v1/credits/balance","status":200,"duration":"886.584µs","user_id":"user_36X5eCExtsu1OjRJeOBgAOMsaNA","request_id":"2a511de5-fba2-485f-8d58-1d420c7b3ade"}
{"time":"2026-02-12T17:57:09.940759+01:00","level":"INFO","msg":"request","component":"api","method":"GET","path":"/api/v1/jobs/user"}
{"time":"2026-02-12T17:57:09.941978+01:00","level":"INFO","msg":"http_request","component":"api","method":"GET","path":"/api/v1/jobs/user","status":200,"duration":"1.21525ms","user_id":"user_36X5eCExtsu1OjRJeOBgAOMsaNA","request_id":"3a98446c-65d8-411f-8e8d-009fea99c280"}
{"time":"2026-02-12T17:58:09.938239+01:00","level":"INFO","msg":"request","component":"api","method":"GET","path":"/api/v1/jobs/user"}
{"time":"2026-02-12T17:58:09.94145+01:00","level":"INFO","msg":"http_request","component":"api","method":"GET","path":"/api/v1/jobs/user","status":200,"duration":"3.207625ms","user_id":"user_36X5eCExtsu1OjRJeOBgAOMsaNA","request_id":"311ab4ca-1f10-4563-bd1f-746899fc414a"}
{"time":"2026-02-12T17:58:09.988533+01:00","level":"INFO","msg":"http_request","component":"api","method":"GET","path":"/api/v1/credits/balance","status":200,"duration":"11.222458ms","user_id":"user_36X5eCExtsu1OjRJeOBgAOMsaNA","request_id":"c8e52d1e-b745-46ad-a785-588fe291e54b"}
{"time":"2026-02-12T17:58:10.6201+01:00","level":"INFO","msg":"http_request","component":"api","method":"GET","path":"/api/v1/credits/balance","status":200,"duration":"210.625µs","user_id":"user_36X5eCExtsu1OjRJeOBgAOMsaNA","request_id":"4db88a6f-db28-40d7-ab4d-22cc68444c6c"}
{"time":"2026-02-12T17:58:10.622281+01:00","level":"INFO","msg":"http_request","component":"api","method":"GET","path":"/api/v1/credits/balance","status":200,"duration":"379.084µs","user_id":"user_36X5eCExtsu1OjRJeOBgAOMsaNA","request_id":"ec635ef1-1a56-4e85-b422-07516dbcacc1"}
{"time":"2026-02-12T17:59:09.901897+01:00","level":"INFO","msg":"http_request","component":"api","method":"GET","path":"/api/v1/credits/balance","status":200,"duration":"307.375µs","user_id":"user_36X5eCExtsu1OjRJeOBgAOMsaNA","request_id":"1be7afbd-51f3-403a-a56a-350774291e8f"}
{"time":"2026-02-12T17:59:09.905097+01:00","level":"INFO","msg":"http_request","component":"api","method":"GET","path":"/api/v1/credits/balance","status":200,"duration":"300.25µs","user_id":"user_36X5eCExtsu1OjRJeOBgAOMsaNA","request_id":"b7f6a365-b93e-4438-bd67-86f2ebb33de0"}
{"time":"2026-02-12T17:59:09.930301+01:00","level":"INFO","msg":"http_request","component":"api","method":"GET","path":"/api/v1/credits/balance","status":200,"duration":"869.167µs","user_id":"user_36X5eCExtsu1OjRJeOBgAOMsaNA","request_id":"25b17dc1-932b-4d60-82bf-f93213abe551"}
{"time":"2026-02-12T17:59:09.933278+01:00","level":"INFO","msg":"request","component":"api","method":"GET","path":"/api/v1/jobs/user"}
{"time":"2026-02-12T17:59:09.936852+01:00","level":"INFO","msg":"http_request","component":"api","method":"GET","path":"/api/v1/jobs/user","status":200,"duration":"3.579958ms","user_id":"user_36X5eCExtsu1OjRJeOBgAOMsaNA","request_id":"8136ade1-1622-4043-bd2d-86c3eb0559ac"}
{"time":"2026-02-12T18:00:09.933575+01:00","level":"INFO","msg":"http_request","component":"api","method":"GET","path":"/api/v1/credits/balance","status":200,"duration":"629.834µs","user_id":"user_36X5eCExtsu1OjRJeOBgAOMsaNA","request_id":"96daa588-20e5-4221-ab14-3d92c4e0a5dc"}
{"time":"2026-02-12T18:00:09.937704+01:00","level":"INFO","msg":"request","component":"api","method":"GET","path":"/api/v1/jobs/user"}
{"time":"2026-02-12T18:00:09.939704+01:00","level":"INFO","msg":"http_request","component":"api","method":"GET","path":"/api/v1/credits/balance","status":200,"duration":"242.542µs","user_id":"user_36X5eCExtsu1OjRJeOBgAOMsaNA","request_id":"7165fd20-63d9-4ce3-8ee3-1fa2673abfca"}
{"time":"2026-02-12T18:00:09.94758+01:00","level":"INFO","msg":"http_request","component":"api","method":"GET","path":"/api/v1/credits/balance","status":200,"duration":"1.151375ms","user_id":"user_36X5eCExtsu1OjRJeOBgAOMsaNA","request_id":"913b4a49-33b0-448c-976a-279b56c52c83"}
{"time":"2026-02-12T18:00:09.952762+01:00","level":"INFO","msg":"http_request","component":"api","method":"GET","path":"/api/v1/jobs/user","status":200,"duration":"14.969333ms","user_id":"user_36X5eCExtsu1OjRJeOBgAOMsaNA","request_id":"312370f5-d1c4-41e0-afa5-71437ea1b51e"}
{"time":"2026-02-12T18:01:09.8998+01:00","level":"INFO","msg":"http_request","component":"api","method":"GET","path":"/api/v1/credits/balance","status":200,"duration":"455.833µs","user_id":"user_36X5eCExtsu1OjRJeOBgAOMsaNA","request_id":"c5e4af5a-be32-4576-81e1-b04eb42766b5"}
{"time":"2026-02-12T18:01:09.903222+01:00","level":"INFO","msg":"http_request","component":"api","method":"GET","path":"/api/v1/credits/balance","status":200,"duration":"232.916µs","user_id":"user_36X5eCExtsu1OjRJeOBgAOMsaNA","request_id":"081a415c-508f-4b54-8b5c-41f21c140526"}
{"time":"2026-02-12T18:01:09.927459+01:00","level":"INFO","msg":"http_request","component":"api","method":"GET","path":"/api/v1/credits/balance","status":200,"duration":"281.834µs","user_id":"user_36X5eCExtsu1OjRJeOBgAOMsaNA","request_id":"ccb9ebc7-ad56-4b0e-9214-5641bd9182a5"}
{"time":"2026-02-12T18:01:09.930383+01:00","level":"INFO","msg":"request","component":"api","method":"GET","path":"/api/v1/jobs/user"}
{"time":"2026-02-12T18:01:09.931467+01:00","level":"INFO","msg":"http_request","component":"api","method":"GET","path":"/api/v1/jobs/user","status":200,"duration":"1.041125ms","user_id":"user_36X5eCExtsu1OjRJeOBgAOMsaNA","request_id":"c43db148-204a-4fff-9afa-ff40f63654ca"}
{"time":"2026-02-12T18:02:09.892956+01:00","level":"INFO","msg":"http_request","component":"api","method":"GET","path":"/api/v1/credits/balance","status":200,"duration":"864.333µs","user_id":"user_36X5eCExtsu1OjRJeOBgAOMsaNA","request_id":"b40e82f9-cef8-4ba4-b69b-9f1dac64995e"}
{"time":"2026-02-12T18:02:09.897469+01:00","level":"INFO","msg":"http_request","component":"api","method":"GET","path":"/api/v1/credits/balance","status":200,"duration":"302.625µs","user_id":"user_36X5eCExtsu1OjRJeOBgAOMsaNA","request_id":"d8739de7-1a94-4573-95db-4a8744072fab"}
{"time":"2026-02-12T18:02:09.905142+01:00","level":"INFO","msg":"http_request","component":"api","method":"GET","path":"/api/v1/credits/balance","status":200,"duration":"1.061333ms","user_id":"user_36X5eCExtsu1OjRJeOBgAOMsaNA","request_id":"4bb23215-4255-4146-9eaf-94c43fcc4cd1"}
{"time":"2026-02-12T18:02:09.921703+01:00","level":"INFO","msg":"request","component":"api","method":"GET","path":"/api/v1/jobs/user"}
{"time":"2026-02-12T18:02:09.929116+01:00","level":"INFO","msg":"http_request","component":"api","method":"GET","path":"/api/v1/jobs/user","status":200,"duration":"7.428334ms","user_id":"user_36X5eCExtsu1OjRJeOBgAOMsaNA","request_id":"d5f15996-45b2-48d3-865c-1fea405b2648"}
{"time":"2026-02-12T18:03:09.898791+01:00","level":"INFO","msg":"http_request","component":"api","method":"GET","path":"/api/v1/credits/balance","status":200,"duration":"755.75µs","user_id":"user_36X5eCExtsu1OjRJeOBgAOMsaNA","request_id":"6225f6ef-8dcb-4cb8-81b6-f6531d6cb3f3"}
{"time":"2026-02-12T18:03:09.899955+01:00","level":"INFO","msg":"http_request","component":"api","method":"GET","path":"/api/v1/credits/balance","status":200,"duration":"171.875µs","user_id":"user_36X5eCExtsu1OjRJeOBgAOMsaNA","request_id":"eb2e14ce-0e8d-43b7-a753-a478c95221a7"}
{"time":"2026-02-12T18:03:09.937055+01:00","level":"INFO","msg":"http_request","component":"api","method":"GET","path":"/api/v1/credits/balance","status":200,"duration":"2.637333ms","user_id":"user_36X5eCExtsu1OjRJeOBgAOMsaNA","request_id":"8f764df5-c3c0-422a-8c79-979876a3826f"}
{"time":"2026-02-12T18:03:09.957994+01:00","level":"INFO","msg":"request","component":"api","method":"GET","path":"/api/v1/jobs/user"}
{"time":"2026-02-12T18:03:09.96111+01:00","level":"INFO","msg":"http_request","component":"api","method":"GET","path":"/api/v1/jobs/user","status":200,"duration":"3.114792ms","user_id":"user_36X5eCExtsu1OjRJeOBgAOMsaNA","request_id":"00034876-9fd1-4fc4-b128-e100558c8bb5"}
{"time":"2026-02-12T18:04:09.879419+01:00","level":"INFO","msg":"http_request","component":"api","method":"GET","path":"/api/v1/credits/balance","status":200,"duration":"1.8395ms","user_id":"user_36X5eCExtsu1OjRJeOBgAOMsaNA","request_id":"2d1c429d-8793-439a-aaf9-24cac336a1a2"}
{"time":"2026-02-12T18:04:09.883452+01:00","level":"INFO","msg":"http_request","component":"api","method":"GET","path":"/api/v1/credits/balance","status":200,"duration":"809.833µs","user_id":"user_36X5eCExtsu1OjRJeOBgAOMsaNA","request_id":"1a853f7d-19d4-4e40-a76b-50f97c7a6e0b"}
{"time":"2026-02-12T18:04:09.886709+01:00","level":"INFO","msg":"http_request","component":"api","method":"GET","path":"/api/v1/credits/balance","status":200,"duration":"834.834µs","user_id":"user_36X5eCExtsu1OjRJeOBgAOMsaNA","request_id":"5ef086f4-7011-4b09-ac17-317b43acb900"}
{"time":"2026-02-12T18:04:09.894864+01:00","level":"INFO","msg":"request","component":"api","method":"GET","path":"/api/v1/jobs/user"}
{"time":"2026-02-12T18:04:09.900229+01:00","level":"INFO","msg":"http_request","component":"api","method":"GET","path":"/api/v1/jobs/user","status":200,"duration":"5.364125ms","user_id":"user_36X5eCExtsu1OjRJeOBgAOMsaNA","request_id":"0133407f-aff0-4bf5-b9dd-5f63b17b2683"}
